,number,value,datetime_start,datetime_complete,duration,params_batch_size,params_buffer_size,params_exploration_fraction,params_learning_rate,params_seq_len,system_attrs_tpe:relative_params:0,state
0,0,-90.0,2026-10-05 17:15:30.299159,2026-10-05 19:39:28.266384,0 days 02:23:57.967225,32,10000,0.7306514690111279,0.0001403856847995526,4,,COMPLETE
1,1,-7.7,2026-10-05 17:15:30.305441,2026-10-05 18:47:56.976464,0 days 01:32:26.671023,16,10000,0.7298052592962366,1.0677840887719259e-05,4,,COMPLETE
2,2,-10.3,2026-10-05 18:47:57.010250,2026-10-06 06:31:25.709197,0 days 11:43:28.698947,64,10000,0.5154372324791592,1.293041456533956e-05,16,,COMPLETE
3,3,-164.1,2026-10-05 19:39:28.301833,2026-10-05 19:43:00.329719,0 days 00:03:32.027886,32,10000,0.10962037011150852,9.71214136594821e-05,16,,COMPLETE
4,4,-303.0,2026-10-05 19:43:00.363629,2026-10-06 02:28:32.705799,0 days 06:45:32.342170,32,20000,0.31324038857394365,1.0364329758724288e-05,16,,COMPLETE
5,5,-122.9,2026-10-06 02:28:32.732325,2026-10-06 02:31:46.036515,0 days 00:03:13.304190,64,10000,0.36854327040923784,2.3655815201471566e-05,8,,COMPLETE
6,6,-167.0,2026-10-06 02:31:46.067939,2026-10-06 04:48:41.781201,0 days 02:16:55.713262,32,10000,0.2884442266028676,3.6216526829407587e-05,4,,COMPLETE
7,7,-21.3,2026-10-06 04:48:41.809307,2026-10-06 08:55:08.441201,0 days 04:06:26.631894,16,10000,0.2553410201316864,8.138712907843053e-05,16,,COMPLETE
8,8,-61.7,2026-10-06 06:31:25.736399,2026-10-06 10:28:33.306443,0 days 03:57:07.570044,32,10000,0.4627680934310311,0.0004524188209341701,8,,COMPLETE
9,9,-141.5,2026-10-06 08:55:08.467467,2026-10-06 08:58:42.460361,0 days 00:03:33.992894,64,20000,0.2126673696418307,8.185429559053109e-05,16,,COMPLETE
10,10,-120.2,2026-10-06 08:58:42.500063,2026-10-06 13:06:26.832258,0 days 04:07:44.332195,32,10000,0.7489856354104605,1.1534759468191974e-05,8,,COMPLETE
11,11,-32.6,2026-10-06 10:28:33.334257,2026-10-06 11:58:58.153650,0 days 01:30:24.819393,16,10000,0.10673853888812507,0.0008775906829880072,4,"{""batch_size"": 16, ""buffer_size"": 10000, ""exploration_fraction"": 0.10673853888812507, ""learning_rate"": 0.0008775906829880072, ""seq_len"": 4}",COMPLETE
12,12,-5.8,2026-10-06 11:58:58.179868,2026-10-06 13:30:14.215933,0 days 01:31:16.036065,16,10000,0.6433114610115815,1.2570041324220499e-05,4,"{""batch_size"": 16, ""buffer_size"": 10000, ""exploration_fraction"": 0.6433114610115815, ""learning_rate"": 1.2570041324220499e-05, ""seq_len"": 4}",COMPLETE
13,13,-328.3,2026-10-06 13:06:26.858048,2026-10-07 00:17:36.845462,0 days 11:11:09.987414,64,5000,0.6382725225668481,1.128101724247834e-05,16,"{""batch_size"": 64, ""buffer_size"": 5000, ""exploration_fraction"": 0.6382725225668481, ""learning_rate"": 1.128101724247834e-05, ""seq_len"": 16}",COMPLETE
14,14,-328.3,2026-10-06 13:30:14.255001,2026-10-06 15:00:24.301267,0 days 01:30:10.046266,16,10000,0.532914480287632,1.1547978447266832e-05,4,"{""batch_size"": 16, ""buffer_size"": 10000, ""exploration_fraction"": 0.532914480287632, ""learning_rate"": 1.1547978447266832e-05, ""seq_len"": 4}",COMPLETE
