,number,value,datetime_start,datetime_complete,duration,params_batch_size,params_clip_range,params_ent_coef,params_learning_rate,params_n_steps,system_attrs_tpe:relative_params:0,state
0,0,-779.5,2026-10-08 19:14:18.102115,2026-10-08 19:26:56.846219,0 days 00:12:38.744104,64,0.2,0.005483460958251628,2.814370594628938e-05,4096,,COMPLETE
1,1,-783.5,2026-10-08 19:26:56.891579,2026-10-08 19:37:31.121368,0 days 00:10:34.229789,128,0.2,0.0001265736611441247,1.4300028091102695e-05,1024,,COMPLETE
2,2,-1897.3400000000001,2026-10-08 19:37:31.151917,2026-10-08 19:47:57.982538,0 days 00:10:26.830621,128,0.1,0.004021708838585992,1.9663896524235236e-05,4096,,COMPLETE
3,3,-755.14,2026-10-08 19:47:58.018398,2026-10-08 19:57:14.062203,0 days 00:09:16.043805,256,0.3,0.0011475232840849055,0.00020241080982563286,1024,,COMPLETE
4,4,-752.9599999999999,2026-10-08 19:57:14.103661,2026-10-08 20:10:01.357747,0 days 00:12:47.254086,64,0.3,0.0010842199645709953,0.00015614086409668126,1024,,COMPLETE
5,5,-1481.1,2026-10-08 20:10:01.399552,2026-10-08 20:20:33.406803,0 days 00:10:32.007251,128,0.1,0.01683825922579127,0.0007635598160730683,4096,,COMPLETE
6,6,-771.66,2026-10-08 20:20:33.442484,2026-10-08 20:33:23.496750,0 days 00:12:50.054266,64,0.1,0.005496694891640576,3.987839288353367e-05,1024,,COMPLETE
7,7,-750.5,2026-10-08 20:33:23.532412,2026-10-08 20:46:11.395188,0 days 00:12:47.862776,64,0.3,0.0004693720114825198,0.0001641653278062435,1024,,COMPLETE
8,8,-434.2000000000001,2026-10-08 20:46:11.435662,2026-10-08 20:56:41.999487,0 days 00:10:30.563825,128,0.2,0.02573863841679592,0.0008086919694109821,4096,,COMPLETE
9,9,-612.84,2026-10-08 20:56:42.039462,2026-10-08 21:06:59.592060,0 days 00:10:17.552598,128,0.2,0.007483818865673349,2.7866605140867724e-05,1024,,COMPLETE
10,10,-779.46,2026-10-08 21:06:59.627702,2026-10-08 21:17:21.230706,0 days 00:10:21.603004,128,0.2,0.0004885457450489455,0.0005600643769229997,2048,"{""batch_size"": 128, ""clip_range"": 0.2, ""ent_coef"": 0.0004885457450489455, ""learning_rate"": 0.0005600643769229997, ""n_steps"": 2048}",COMPLETE
11,11,-758.3199999999999,2026-10-08 21:17:21.266980,2026-10-08 21:27:45.200298,0 days 00:10:23.933318,128,0.2,0.021325080513745185,8.201339618264529e-05,1024,"{""batch_size"": 128, ""clip_range"": 0.2, ""ent_coef"": 0.021325080513745185, ""learning_rate"": 8.201339618264529e-05, ""n_steps"": 1024}",COMPLETE
12,12,-772.2,2026-10-08 21:27:45.236497,2026-10-08 21:38:23.140607,0 days 00:10:37.904110,128,0.2,0.0018018873476766636,7.129373620441206e-05,1024,"{""batch_size"": 128, ""clip_range"": 0.2, ""ent_coef"": 0.0018018873476766636, ""learning_rate"": 7.129373620441206e-05, ""n_steps"": 1024}",COMPLETE
13,13,-454.86,2026-10-08 21:38:23.176489,2026-10-08 21:48:50.635562,0 days 00:10:27.459073,128,0.2,0.010015104300318134,0.0008838575761781424,1024,"{""batch_size"": 128, ""clip_range"": 0.2, ""ent_coef"": 0.010015104300318134, ""learning_rate"": 0.0008838575761781424, ""n_steps"": 1024}",COMPLETE
14,14,-738.6800000000001,2026-10-08 21:48:50.670869,2026-10-08 21:59:09.410368,0 days 00:10:18.739499,128,0.2,0.005832500089477995,0.0005236165270453896,1024,"{""batch_size"": 128, ""clip_range"": 0.2, ""ent_coef"": 0.005832500089477995, ""learning_rate"": 0.0005236165270453896, ""n_steps"": 1024}",COMPLETE
15,15,-465.75999999999993,2026-10-08 21:59:09.445972,2026-10-08 22:08:31.279777,0 days 00:09:21.833805,256,0.2,0.04986729032699763,0.0008922169651125161,4096,"{""batch_size"": 256, ""clip_range"": 0.2, ""ent_coef"": 0.04986729032699763, ""learning_rate"": 0.0008922169651125161, ""n_steps"": 4096}",COMPLETE
16,16,-469.1,2026-10-08 22:08:31.307586,2026-10-08 22:21:18.838355,0 days 00:12:47.530769,64,0.2,0.015736734173095963,0.0002935943008478931,4096,"{""batch_size"": 64, ""clip_range"": 0.2, ""ent_coef"": 0.015736734173095963, ""learning_rate"": 0.0002935943008478931, ""n_steps"": 4096}",COMPLETE
17,17,-802.5600000000001,2026-10-08 22:21:18.869054,2026-10-08 22:31:46.331110,0 days 00:10:27.462056,128,0.2,0.0401485900186076,0.00017944711646789143,4096,"{""batch_size"": 128, ""clip_range"": 0.2, ""ent_coef"": 0.0401485900186076, ""learning_rate"": 0.00017944711646789143, ""n_steps"": 4096}",COMPLETE
18,18,-457.14,2026-10-08 22:31:46.362391,2026-10-08 22:42:26.232398,0 days 00:10:39.870007,128,0.2,0.0025073276235744713,0.0004613380266732329,4096,"{""batch_size"": 128, ""clip_range"": 0.2, ""ent_coef"": 0.0025073276235744713, ""learning_rate"": 0.0004613380266732329, ""n_steps"": 4096}",COMPLETE
19,19,-739.74,2026-10-08 22:42:26.267718,2026-10-08 22:53:05.691012,0 days 00:10:39.423294,128,0.2,0.04406994760147646,0.0005972809697334516,1024,"{""batch_size"": 128, ""clip_range"": 0.2, ""ent_coef"": 0.04406994760147646, ""learning_rate"": 0.0005972809697334516, ""n_steps"": 1024}",COMPLETE
