,number,value,datetime_start,datetime_complete,duration,params_batch_size,params_buffer_size,params_exploration_fraction,params_learning_rate,params_target_network_frequency,state
0,0,-41.5,2026-10-04 09:46:22.407355,2026-10-05 00:14:58.294819,0 days 14:28:35.887464,64,10000,0.5778764170395345,0.00018374098288489888,500,COMPLETE
1,1,-45.75,2026-10-04 09:46:22.412682,2026-10-05 00:15:00.894372,0 days 14:28:38.481690,64,50000,0.3897411150697886,0.0007397729660058156,2000,COMPLETE
2,2,-46.5,2026-10-04 09:46:22.471021,2026-10-05 00:15:42.155768,0 days 14:29:19.684747,64,100000,0.7077036571065914,7.364396162923582e-05,100,COMPLETE
3,3,-51.2,2026-10-04 09:46:22.501977,2026-10-05 00:16:13.451007,0 days 14:29:50.949030,64,50000,0.4698042632580416,1.2337621215792593e-05,1000,COMPLETE
4,4,-45.5,2026-10-04 09:46:22.533741,2026-10-04 17:28:43.046792,0 days 07:42:20.513051,32,10000,0.2003474388970486,0.00027343439723113164,2000,COMPLETE
5,5,-29.6,2026-10-04 09:46:22.568180,2026-10-05 00:14:35.718250,0 days 14:28:13.150070,64,10000,0.6222311438652551,6.814178355331583e-05,100,COMPLETE
6,6,-47.5,2026-10-04 09:46:22.634282,2026-10-05 00:15:27.255624,0 days 14:29:04.621342,64,50000,0.15392201706744668,3.0220934985342498e-05,100,COMPLETE
7,7,-30.7,2026-10-04 09:46:22.669320,2026-10-05 11:31:43.220771,1 days 01:45:20.551451,128,50000,0.5509646050779221,5.07677184176771e-05,500,COMPLETE
8,8,-50.7,2026-10-04 17:28:43.082528,2026-10-05 01:10:01.686260,0 days 07:41:18.603732,32,50000,0.6473686568230935,0.0002535009999055438,2000,COMPLETE
9,9,-15.1,2026-10-05 00:14:35.743690,2026-10-05 07:09:19.332540,0 days 06:54:43.588850,32,100000,0.40928673932827986,2.206773917364734e-05,2000,COMPLETE
10,10,-25.6,2026-10-05 00:14:58.332172,2026-10-05 17:15:11.537031,0 days 17:00:13.204859,128,100000,0.6368700590210669,0.00028648202211058497,2000,COMPLETE
11,11,-30.7,2026-10-05 00:15:00.922241,2026-10-05 12:08:17.141056,0 days 11:53:16.218815,64,100000,0.15163660098726583,1.556405652136108e-05,100,COMPLETE
12,12,-20.8,2026-10-05 00:15:27.281725,2026-10-05 17:14:34.069508,0 days 16:59:06.787783,128,50000,0.695577531827999,4.4110775343538304e-05,2000,COMPLETE
13,13,-30.7,2026-10-05 00:15:42.197451,2026-10-05 12:08:16.953868,0 days 11:52:34.756417,64,50000,0.6606228113893523,0.00045962853885450503,1000,COMPLETE
14,14,-30.6,2026-10-05 00:16:13.489161,2026-10-05 17:15:28.862229,0 days 16:59:15.373068,128,100000,0.23390120528940878,2.7754226294496348e-05,1000,COMPLETE
